[INFO ] 10-05-2024 10:12:21 [main] Log - Start record at: 10-12-21 10-05-2024
[INFO ] 10-05-2024 10:12:21 [main] Log - Running test case TestCase
[ERROR] 10-05-2024 10:12:23 [main] Log - Test case TestCase is failed.
[INFO ] 10-05-2024 10:12:25 [main] Log - Screenshot success: failure at 10-12-25 10-05-2024
[ERROR] 10-05-2024 10:12:25 [main] Log - org.openqa.selenium.InvalidSelectorException: Could not parse selector expression `new UiScrollable(new UiSelector().scrollable(true).instance(0)).scrollIntoView(new UiSelector().accessibilityId("complete").instance(0))`: `UiScrollable` doesn't have suitable method `scrollIntoView` with arguments [new UiSelector().accessibilityId("complete").instance(0)]: Could not parse selector expression `new UiSelector().accessibilityId("complete").instance(0)`: UiSelector has no `accessibilityId` method
For documentation on this error, please visit: https://www.selenium.dev/documentation/webdriver/troubleshooting/errors#invalid-selector-exception
Build info: version: '4.20.0', revision: '866c76ca80'
System info: os.name: 'Mac OS X', os.arch: 'x86_64', os.version: '10.16', java.version: '12.0.1'
Driver info: io.appium.java_client.android.AndroidDriver
Command: [93494030-2fc6-4bdf-b338-05a752b75390, findElement {using=-android uiautomator, value=new UiScrollable(new UiSelector().scrollable(true).instance(0)).scrollIntoView(new UiSelector().accessibilityId("complete").instance(0));}]
Capabilities {appium:appActivity: com.tns.NativeScriptActivity, appium:appPackage: pocketv.datavtech.application, appium:automationName: UiAutomator2, appium:databaseEnabled: false, appium:desired: {appActivity: com.tns.NativeScriptActivity, appPackage: pocketv.datavtech.application, automationName: UiAutomator2, deviceName: emulator-5554, noReset: true, platformName: ANDROID, platformVersion: 14, udid: emulator-5554}, appium:deviceApiLevel: 34, appium:deviceManufacturer: Google, appium:deviceModel: sdk_gphone64_x86_64, appium:deviceName: emulator-5554, appium:deviceScreenDensity: 440, appium:deviceScreenSize: 1080x2340, appium:deviceUDID: emulator-5554, appium:javascriptEnabled: true, appium:locationContextEnabled: false, appium:networkConnectionEnabled: true, appium:noReset: true, appium:pixelRatio: 2.75, appium:platformVersion: 14, appium:statBarHeight: 145, appium:takesScreenshot: true, appium:udid: emulator-5554, appium:viewportRect: {height: 1993, left: 0, top: 145, width: 1080}, appium:warnings: {}, appium:webStorageEnabled: false, platformName: ANDROID}
Session ID: 93494030-2fc6-4bdf-b338-05a752b75390
[INFO ] 10-05-2024 10:12:26 [main] Log - End testing TestNGTest-da361e06-bc14-44c1-88fd-a803bd8e5518
[INFO ] 10-05-2024 10:16:53 [main] Log - Start record at: 10-16-52 10-05-2024
[INFO ] 10-05-2024 10:16:53 [main] Log - Running test case TestCase
[ERROR] 10-05-2024 10:16:53 [main] Log - Test case TestCase is failed.
[ERROR] 10-05-2024 10:16:53 [main] Log - Exception while taking screenshot The session identified by 3dc03670-ed72-4b6f-8202-840d3f412bb9 is not known
Build info: version: '4.20.0', revision: '866c76ca80'
System info: os.name: 'Mac OS X', os.arch: 'x86_64', os.version: '10.16', java.version: '12.0.1'
Driver info: io.appium.java_client.android.AndroidDriver
Command: [92e461ac-2e3b-43fe-ba7d-46f8f0ea6a0d, screenshot {}]
Capabilities {appium:appActivity: com.tns.NativeScriptActivity, appium:appPackage: pocketv.datavtech.application, appium:automationName: UiAutomator2, appium:databaseEnabled: false, appium:desired: {appActivity: com.tns.NativeScriptActivity, appPackage: pocketv.datavtech.application, automationName: UiAutomator2, deviceName: emulator-5554, noReset: true, platformName: ANDROID, platformVersion: 14, udid: emulator-5554}, appium:deviceApiLevel: 34, appium:deviceManufacturer: Google, appium:deviceModel: sdk_gphone64_x86_64, appium:deviceName: emulator-5554, appium:deviceScreenDensity: 440, appium:deviceScreenSize: 1080x2340, appium:deviceUDID: emulator-5554, appium:javascriptEnabled: true, appium:locationContextEnabled: false, appium:networkConnectionEnabled: true, appium:noReset: true, appium:pixelRatio: 2.75, appium:platformVersion: 14, appium:statBarHeight: 145, appium:takesScreenshot: true, appium:udid: emulator-5554, appium:viewportRect: {height: 1993, left: 0, top: 145, width: 1080}, appium:warnings: {}, appium:webStorageEnabled: false, platformName: ANDROID}
Session ID: 92e461ac-2e3b-43fe-ba7d-46f8f0ea6a0d
[ERROR] 10-05-2024 10:16:53 [main] Log - org.openqa.selenium.NoSuchSessionException: The session identified by 3dc03670-ed72-4b6f-8202-840d3f412bb9 is not known
Build info: version: '4.20.0', revision: '866c76ca80'
System info: os.name: 'Mac OS X', os.arch: 'x86_64', os.version: '10.16', java.version: '12.0.1'
Driver info: io.appium.java_client.android.AndroidDriver
Command: [92e461ac-2e3b-43fe-ba7d-46f8f0ea6a0d, findElement {value=milestone, using=accessibility id}]
Capabilities {appium:appActivity: com.tns.NativeScriptActivity, appium:appPackage: pocketv.datavtech.application, appium:automationName: UiAutomator2, appium:databaseEnabled: false, appium:desired: {appActivity: com.tns.NativeScriptActivity, appPackage: pocketv.datavtech.application, automationName: UiAutomator2, deviceName: emulator-5554, noReset: true, platformName: ANDROID, platformVersion: 14, udid: emulator-5554}, appium:deviceApiLevel: 34, appium:deviceManufacturer: Google, appium:deviceModel: sdk_gphone64_x86_64, appium:deviceName: emulator-5554, appium:deviceScreenDensity: 440, appium:deviceScreenSize: 1080x2340, appium:deviceUDID: emulator-5554, appium:javascriptEnabled: true, appium:locationContextEnabled: false, appium:networkConnectionEnabled: true, appium:noReset: true, appium:pixelRatio: 2.75, appium:platformVersion: 14, appium:statBarHeight: 145, appium:takesScreenshot: true, appium:udid: emulator-5554, appium:viewportRect: {height: 1993, left: 0, top: 145, width: 1080}, appium:warnings: {}, appium:webStorageEnabled: false, platformName: ANDROID}
Session ID: 92e461ac-2e3b-43fe-ba7d-46f8f0ea6a0d
[ERROR] 10-05-2024 10:16:53 [main] Log - Test case TestCase is failed.
[ERROR] 10-05-2024 10:16:54 [main] Log - Exception while taking screenshot The session identified by 3dc03670-ed72-4b6f-8202-840d3f412bb9 is not known
Build info: version: '4.20.0', revision: '866c76ca80'
System info: os.name: 'Mac OS X', os.arch: 'x86_64', os.version: '10.16', java.version: '12.0.1'
Driver info: io.appium.java_client.android.AndroidDriver
Command: [92e461ac-2e3b-43fe-ba7d-46f8f0ea6a0d, screenshot {}]
Capabilities {appium:appActivity: com.tns.NativeScriptActivity, appium:appPackage: pocketv.datavtech.application, appium:automationName: UiAutomator2, appium:databaseEnabled: false, appium:desired: {appActivity: com.tns.NativeScriptActivity, appPackage: pocketv.datavtech.application, automationName: UiAutomator2, deviceName: emulator-5554, noReset: true, platformName: ANDROID, platformVersion: 14, udid: emulator-5554}, appium:deviceApiLevel: 34, appium:deviceManufacturer: Google, appium:deviceModel: sdk_gphone64_x86_64, appium:deviceName: emulator-5554, appium:deviceScreenDensity: 440, appium:deviceScreenSize: 1080x2340, appium:deviceUDID: emulator-5554, appium:javascriptEnabled: true, appium:locationContextEnabled: false, appium:networkConnectionEnabled: true, appium:noReset: true, appium:pixelRatio: 2.75, appium:platformVersion: 14, appium:statBarHeight: 145, appium:takesScreenshot: true, appium:udid: emulator-5554, appium:viewportRect: {height: 1993, left: 0, top: 145, width: 1080}, appium:warnings: {}, appium:webStorageEnabled: false, platformName: ANDROID}
Session ID: 92e461ac-2e3b-43fe-ba7d-46f8f0ea6a0d
[ERROR] 10-05-2024 10:16:54 [main] Log - org.openqa.selenium.NoSuchSessionException: The session identified by 3dc03670-ed72-4b6f-8202-840d3f412bb9 is not known
Build info: version: '4.20.0', revision: '866c76ca80'
System info: os.name: 'Mac OS X', os.arch: 'x86_64', os.version: '10.16', java.version: '12.0.1'
Driver info: io.appium.java_client.android.AndroidDriver
Command: [92e461ac-2e3b-43fe-ba7d-46f8f0ea6a0d, screenshot {}]
Capabilities {appium:appActivity: com.tns.NativeScriptActivity, appium:appPackage: pocketv.datavtech.application, appium:automationName: UiAutomator2, appium:databaseEnabled: false, appium:desired: {appActivity: com.tns.NativeScriptActivity, appPackage: pocketv.datavtech.application, automationName: UiAutomator2, deviceName: emulator-5554, noReset: true, platformName: ANDROID, platformVersion: 14, udid: emulator-5554}, appium:deviceApiLevel: 34, appium:deviceManufacturer: Google, appium:deviceModel: sdk_gphone64_x86_64, appium:deviceName: emulator-5554, appium:deviceScreenDensity: 440, appium:deviceScreenSize: 1080x2340, appium:deviceUDID: emulator-5554, appium:javascriptEnabled: true, appium:locationContextEnabled: false, appium:networkConnectionEnabled: true, appium:noReset: true, appium:pixelRatio: 2.75, appium:platformVersion: 14, appium:statBarHeight: 145, appium:takesScreenshot: true, appium:udid: emulator-5554, appium:viewportRect: {height: 1993, left: 0, top: 145, width: 1080}, appium:warnings: {}, appium:webStorageEnabled: false, platformName: ANDROID}
Session ID: 92e461ac-2e3b-43fe-ba7d-46f8f0ea6a0d
[INFO ] 10-05-2024 10:16:55 [main] Log - End testing TestNGTest-8d83f1ed-f6e4-4a54-b96e-e8ed9965b569
[INFO ] 10-05-2024 10:16:56 [main] Log - Start record at: 10-16-55 10-05-2024
[INFO ] 10-05-2024 10:16:56 [main] Log - Running test case TestCase
[ERROR] 10-05-2024 10:16:56 [main] Log - Test case TestCase is failed.
[ERROR] 10-05-2024 10:16:56 [main] Log - Exception while taking screenshot An unknown server-side error occurred while processing the command. Original error: Could not proxy command to the remote server. Original error: socket hang up
Build info: version: '4.20.0', revision: '866c76ca80'
System info: os.name: 'Mac OS X', os.arch: 'x86_64', os.version: '10.16', java.version: '12.0.1'
Driver info: io.appium.java_client.android.AndroidDriver
Command: [9dd346f7-a052-4ed7-bc1b-bb2cbfaccf40, screenshot {}]
Capabilities {appium:appActivity: com.tns.NativeScriptActivity, appium:appPackage: pocketv.datavtech.application, appium:automationName: UiAutomator2, appium:databaseEnabled: false, appium:desired: {appActivity: com.tns.NativeScriptActivity, appPackage: pocketv.datavtech.application, automationName: UiAutomator2, deviceName: emulator-5554, noReset: true, platformName: ANDROID, platformVersion: 14, udid: emulator-5554}, appium:deviceApiLevel: 34, appium:deviceManufacturer: Google, appium:deviceModel: sdk_gphone64_x86_64, appium:deviceName: emulator-5554, appium:deviceScreenDensity: 440, appium:deviceScreenSize: 1080x2340, appium:deviceUDID: emulator-5554, appium:javascriptEnabled: true, appium:locationContextEnabled: false, appium:networkConnectionEnabled: true, appium:noReset: true, appium:pixelRatio: 2.75, appium:platformVersion: 14, appium:statBarHeight: 145, appium:takesScreenshot: true, appium:udid: emulator-5554, appium:viewportRect: {height: 1993, left: 0, top: 145, width: 1080}, appium:warnings: {}, appium:webStorageEnabled: false, platformName: ANDROID}
Session ID: 9dd346f7-a052-4ed7-bc1b-bb2cbfaccf40
[ERROR] 10-05-2024 10:16:56 [main] Log - org.openqa.selenium.WebDriverException: An unknown server-side error occurred while processing the command. Original error: Could not proxy command to the remote server. Original error: socket hang up
Build info: version: '4.20.0', revision: '866c76ca80'
System info: os.name: 'Mac OS X', os.arch: 'x86_64', os.version: '10.16', java.version: '12.0.1'
Driver info: io.appium.java_client.android.AndroidDriver
Command: [9dd346f7-a052-4ed7-bc1b-bb2cbfaccf40, findElement {value=milestone, using=accessibility id}]
Capabilities {appium:appActivity: com.tns.NativeScriptActivity, appium:appPackage: pocketv.datavtech.application, appium:automationName: UiAutomator2, appium:databaseEnabled: false, appium:desired: {appActivity: com.tns.NativeScriptActivity, appPackage: pocketv.datavtech.application, automationName: UiAutomator2, deviceName: emulator-5554, noReset: true, platformName: ANDROID, platformVersion: 14, udid: emulator-5554}, appium:deviceApiLevel: 34, appium:deviceManufacturer: Google, appium:deviceModel: sdk_gphone64_x86_64, appium:deviceName: emulator-5554, appium:deviceScreenDensity: 440, appium:deviceScreenSize: 1080x2340, appium:deviceUDID: emulator-5554, appium:javascriptEnabled: true, appium:locationContextEnabled: false, appium:networkConnectionEnabled: true, appium:noReset: true, appium:pixelRatio: 2.75, appium:platformVersion: 14, appium:statBarHeight: 145, appium:takesScreenshot: true, appium:udid: emulator-5554, appium:viewportRect: {height: 1993, left: 0, top: 145, width: 1080}, appium:warnings: {}, appium:webStorageEnabled: false, platformName: ANDROID}
Session ID: 9dd346f7-a052-4ed7-bc1b-bb2cbfaccf40
[ERROR] 10-05-2024 10:16:56 [main] Log - Test case TestCase is failed.
[ERROR] 10-05-2024 10:16:56 [main] Log - Exception while taking screenshot An unknown server-side error occurred while processing the command. Original error: Could not proxy command to the remote server. Original error: socket hang up
Build info: version: '4.20.0', revision: '866c76ca80'
System info: os.name: 'Mac OS X', os.arch: 'x86_64', os.version: '10.16', java.version: '12.0.1'
Driver info: io.appium.java_client.android.AndroidDriver
Command: [9dd346f7-a052-4ed7-bc1b-bb2cbfaccf40, screenshot {}]
Capabilities {appium:appActivity: com.tns.NativeScriptActivity, appium:appPackage: pocketv.datavtech.application, appium:automationName: UiAutomator2, appium:databaseEnabled: false, appium:desired: {appActivity: com.tns.NativeScriptActivity, appPackage: pocketv.datavtech.application, automationName: UiAutomator2, deviceName: emulator-5554, noReset: true, platformName: ANDROID, platformVersion: 14, udid: emulator-5554}, appium:deviceApiLevel: 34, appium:deviceManufacturer: Google, appium:deviceModel: sdk_gphone64_x86_64, appium:deviceName: emulator-5554, appium:deviceScreenDensity: 440, appium:deviceScreenSize: 1080x2340, appium:deviceUDID: emulator-5554, appium:javascriptEnabled: true, appium:locationContextEnabled: false, appium:networkConnectionEnabled: true, appium:noReset: true, appium:pixelRatio: 2.75, appium:platformVersion: 14, appium:statBarHeight: 145, appium:takesScreenshot: true, appium:udid: emulator-5554, appium:viewportRect: {height: 1993, left: 0, top: 145, width: 1080}, appium:warnings: {}, appium:webStorageEnabled: false, platformName: ANDROID}
Session ID: 9dd346f7-a052-4ed7-bc1b-bb2cbfaccf40
[ERROR] 10-05-2024 10:16:56 [main] Log - org.openqa.selenium.WebDriverException: An unknown server-side error occurred while processing the command. Original error: Could not proxy command to the remote server. Original error: socket hang up
Build info: version: '4.20.0', revision: '866c76ca80'
System info: os.name: 'Mac OS X', os.arch: 'x86_64', os.version: '10.16', java.version: '12.0.1'
Driver info: io.appium.java_client.android.AndroidDriver
Command: [9dd346f7-a052-4ed7-bc1b-bb2cbfaccf40, screenshot {}]
Capabilities {appium:appActivity: com.tns.NativeScriptActivity, appium:appPackage: pocketv.datavtech.application, appium:automationName: UiAutomator2, appium:databaseEnabled: false, appium:desired: {appActivity: com.tns.NativeScriptActivity, appPackage: pocketv.datavtech.application, automationName: UiAutomator2, deviceName: emulator-5554, noReset: true, platformName: ANDROID, platformVersion: 14, udid: emulator-5554}, appium:deviceApiLevel: 34, appium:deviceManufacturer: Google, appium:deviceModel: sdk_gphone64_x86_64, appium:deviceName: emulator-5554, appium:deviceScreenDensity: 440, appium:deviceScreenSize: 1080x2340, appium:deviceUDID: emulator-5554, appium:javascriptEnabled: true, appium:locationContextEnabled: false, appium:networkConnectionEnabled: true, appium:noReset: true, appium:pixelRatio: 2.75, appium:platformVersion: 14, appium:statBarHeight: 145, appium:takesScreenshot: true, appium:udid: emulator-5554, appium:viewportRect: {height: 1993, left: 0, top: 145, width: 1080}, appium:warnings: {}, appium:webStorageEnabled: false, platformName: ANDROID}
Session ID: 9dd346f7-a052-4ed7-bc1b-bb2cbfaccf40
[INFO ] 10-05-2024 10:16:58 [main] Log - End testing TestNGTest-6c4ad88a-1535-4c20-aab5-13c76dfe63a2
[INFO ] 10-05-2024 10:17:12 [main] Log - Start record at: 10-17-11 10-05-2024
[INFO ] 10-05-2024 10:17:12 [main] Log - Running test case TestCase
[ERROR] 10-05-2024 10:17:12 [main] Log - Test case TestCase is failed.
[ERROR] 10-05-2024 10:17:12 [main] Log - Exception while taking screenshot An unknown server-side error occurred while processing the command. Original error: Could not proxy command to the remote server. Original error: socket hang up
Build info: version: '4.20.0', revision: '866c76ca80'
System info: os.name: 'Mac OS X', os.arch: 'x86_64', os.version: '10.16', java.version: '12.0.1'
Driver info: io.appium.java_client.android.AndroidDriver
Command: [2828556b-56bf-4324-9b7f-72e80adefcf9, screenshot {}]
Capabilities {appium:appActivity: com.tns.NativeScriptActivity, appium:appPackage: pocketv.datavtech.application, appium:automationName: UiAutomator2, appium:databaseEnabled: false, appium:desired: {appActivity: com.tns.NativeScriptActivity, appPackage: pocketv.datavtech.application, automationName: UiAutomator2, deviceName: emulator-5554, noReset: true, platformName: ANDROID, platformVersion: 14, udid: emulator-5554}, appium:deviceApiLevel: 34, appium:deviceManufacturer: Google, appium:deviceModel: sdk_gphone64_x86_64, appium:deviceName: emulator-5554, appium:deviceScreenDensity: 440, appium:deviceScreenSize: 1080x2340, appium:deviceUDID: emulator-5554, appium:javascriptEnabled: true, appium:locationContextEnabled: false, appium:networkConnectionEnabled: true, appium:noReset: true, appium:pixelRatio: 2.75, appium:platformVersion: 14, appium:statBarHeight: 145, appium:takesScreenshot: true, appium:udid: emulator-5554, appium:viewportRect: {height: 1993, left: 0, top: 145, width: 1080}, appium:warnings: {}, appium:webStorageEnabled: false, platformName: ANDROID}
Session ID: 2828556b-56bf-4324-9b7f-72e80adefcf9
[ERROR] 10-05-2024 10:17:12 [main] Log - org.openqa.selenium.WebDriverException: An unknown server-side error occurred while processing the command. Original error: Could not proxy command to the remote server. Original error: socket hang up
Build info: version: '4.20.0', revision: '866c76ca80'
System info: os.name: 'Mac OS X', os.arch: 'x86_64', os.version: '10.16', java.version: '12.0.1'
Driver info: io.appium.java_client.android.AndroidDriver
Command: [2828556b-56bf-4324-9b7f-72e80adefcf9, findElement {using=accessibility id, value=milestone}]
Capabilities {appium:appActivity: com.tns.NativeScriptActivity, appium:appPackage: pocketv.datavtech.application, appium:automationName: UiAutomator2, appium:databaseEnabled: false, appium:desired: {appActivity: com.tns.NativeScriptActivity, appPackage: pocketv.datavtech.application, automationName: UiAutomator2, deviceName: emulator-5554, noReset: true, platformName: ANDROID, platformVersion: 14, udid: emulator-5554}, appium:deviceApiLevel: 34, appium:deviceManufacturer: Google, appium:deviceModel: sdk_gphone64_x86_64, appium:deviceName: emulator-5554, appium:deviceScreenDensity: 440, appium:deviceScreenSize: 1080x2340, appium:deviceUDID: emulator-5554, appium:javascriptEnabled: true, appium:locationContextEnabled: false, appium:networkConnectionEnabled: true, appium:noReset: true, appium:pixelRatio: 2.75, appium:platformVersion: 14, appium:statBarHeight: 145, appium:takesScreenshot: true, appium:udid: emulator-5554, appium:viewportRect: {height: 1993, left: 0, top: 145, width: 1080}, appium:warnings: {}, appium:webStorageEnabled: false, platformName: ANDROID}
Session ID: 2828556b-56bf-4324-9b7f-72e80adefcf9
[ERROR] 10-05-2024 10:17:12 [main] Log - Test case TestCase is failed.
[ERROR] 10-05-2024 10:17:12 [main] Log - Exception while taking screenshot An unknown server-side error occurred while processing the command. Original error: Could not proxy command to the remote server. Original error: socket hang up
Build info: version: '4.20.0', revision: '866c76ca80'
System info: os.name: 'Mac OS X', os.arch: 'x86_64', os.version: '10.16', java.version: '12.0.1'
Driver info: io.appium.java_client.android.AndroidDriver
Command: [2828556b-56bf-4324-9b7f-72e80adefcf9, screenshot {}]
Capabilities {appium:appActivity: com.tns.NativeScriptActivity, appium:appPackage: pocketv.datavtech.application, appium:automationName: UiAutomator2, appium:databaseEnabled: false, appium:desired: {appActivity: com.tns.NativeScriptActivity, appPackage: pocketv.datavtech.application, automationName: UiAutomator2, deviceName: emulator-5554, noReset: true, platformName: ANDROID, platformVersion: 14, udid: emulator-5554}, appium:deviceApiLevel: 34, appium:deviceManufacturer: Google, appium:deviceModel: sdk_gphone64_x86_64, appium:deviceName: emulator-5554, appium:deviceScreenDensity: 440, appium:deviceScreenSize: 1080x2340, appium:deviceUDID: emulator-5554, appium:javascriptEnabled: true, appium:locationContextEnabled: false, appium:networkConnectionEnabled: true, appium:noReset: true, appium:pixelRatio: 2.75, appium:platformVersion: 14, appium:statBarHeight: 145, appium:takesScreenshot: true, appium:udid: emulator-5554, appium:viewportRect: {height: 1993, left: 0, top: 145, width: 1080}, appium:warnings: {}, appium:webStorageEnabled: false, platformName: ANDROID}
Session ID: 2828556b-56bf-4324-9b7f-72e80adefcf9
[ERROR] 10-05-2024 10:17:12 [main] Log - org.openqa.selenium.WebDriverException: An unknown server-side error occurred while processing the command. Original error: Could not proxy command to the remote server. Original error: socket hang up
Build info: version: '4.20.0', revision: '866c76ca80'
System info: os.name: 'Mac OS X', os.arch: 'x86_64', os.version: '10.16', java.version: '12.0.1'
Driver info: io.appium.java_client.android.AndroidDriver
Command: [2828556b-56bf-4324-9b7f-72e80adefcf9, screenshot {}]
Capabilities {appium:appActivity: com.tns.NativeScriptActivity, appium:appPackage: pocketv.datavtech.application, appium:automationName: UiAutomator2, appium:databaseEnabled: false, appium:desired: {appActivity: com.tns.NativeScriptActivity, appPackage: pocketv.datavtech.application, automationName: UiAutomator2, deviceName: emulator-5554, noReset: true, platformName: ANDROID, platformVersion: 14, udid: emulator-5554}, appium:deviceApiLevel: 34, appium:deviceManufacturer: Google, appium:deviceModel: sdk_gphone64_x86_64, appium:deviceName: emulator-5554, appium:deviceScreenDensity: 440, appium:deviceScreenSize: 1080x2340, appium:deviceUDID: emulator-5554, appium:javascriptEnabled: true, appium:locationContextEnabled: false, appium:networkConnectionEnabled: true, appium:noReset: true, appium:pixelRatio: 2.75, appium:platformVersion: 14, appium:statBarHeight: 145, appium:takesScreenshot: true, appium:udid: emulator-5554, appium:viewportRect: {height: 1993, left: 0, top: 145, width: 1080}, appium:warnings: {}, appium:webStorageEnabled: false, platformName: ANDROID}
Session ID: 2828556b-56bf-4324-9b7f-72e80adefcf9
[INFO ] 10-05-2024 10:17:14 [main] Log - End testing TestNGTest-239b9de4-5a19-47aa-9d65-6242cec74259
[INFO ] 10-05-2024 10:18:38 [main] Log - Start record at: 10-18-37 10-05-2024
[INFO ] 10-05-2024 10:18:38 [main] Log - Running test case TestCase
[ERROR] 10-05-2024 10:18:43 [main] Log - Test case TestCase is failed.
[INFO ] 10-05-2024 10:18:44 [main] Log - Screenshot success: failure at 10-18-44 10-05-2024
[ERROR] 10-05-2024 10:18:44 [main] Log - org.openqa.selenium.NoSuchElementException: androidx.test.uiautomator.UiObjectNotFoundException: Cannot scroll to UiSelector[TEXT=complete]
For documentation on this error, please visit: https://www.selenium.dev/documentation/webdriver/troubleshooting/errors#no-such-element-exception
Build info: version: '4.20.0', revision: '866c76ca80'
System info: os.name: 'Mac OS X', os.arch: 'x86_64', os.version: '10.16', java.version: '12.0.1'
Driver info: io.appium.java_client.android.AndroidDriver
Command: [892d82a0-183d-40d3-9b8e-caa4c661bd52, executeScript {script=mobile: scroll, args=[{strategy=-android uiautomator, selector=new UiSelector().text("complete"), direction=down}]}]
Capabilities {appium:appActivity: com.tns.NativeScriptActivity, appium:appPackage: pocketv.datavtech.application, appium:automationName: UiAutomator2, appium:databaseEnabled: false, appium:desired: {appActivity: com.tns.NativeScriptActivity, appPackage: pocketv.datavtech.application, automationName: UiAutomator2, deviceName: emulator-5554, noReset: true, platformName: ANDROID, platformVersion: 14, udid: emulator-5554}, appium:deviceApiLevel: 34, appium:deviceManufacturer: Google, appium:deviceModel: sdk_gphone64_x86_64, appium:deviceName: emulator-5554, appium:deviceScreenDensity: 440, appium:deviceScreenSize: 1080x2340, appium:deviceUDID: emulator-5554, appium:javascriptEnabled: true, appium:locationContextEnabled: false, appium:networkConnectionEnabled: true, appium:noReset: true, appium:pixelRatio: 2.75, appium:platformVersion: 14, appium:statBarHeight: 145, appium:takesScreenshot: true, appium:udid: emulator-5554, appium:viewportRect: {height: 1993, left: 0, top: 145, width: 1080}, appium:warnings: {}, appium:webStorageEnabled: false, platformName: ANDROID}
Session ID: 892d82a0-183d-40d3-9b8e-caa4c661bd52
[INFO ] 10-05-2024 10:18:46 [main] Log - End testing TestNGTest-3dd11ba3-16dc-43f0-bc8d-07800ef3a169
[INFO ] 10-05-2024 10:25:12 [main] Log - Start record at: 10-25-11 10-05-2024
[INFO ] 10-05-2024 10:25:12 [main] Log - Running test case TestCase
[ERROR] 10-05-2024 10:25:17 [main] Log - Test case TestCase is failed.
[INFO ] 10-05-2024 10:25:18 [main] Log - Screenshot success: failure at 10-25-18 10-05-2024
[ERROR] 10-05-2024 10:25:18 [main] Log - org.openqa.selenium.NoSuchElementException: androidx.test.uiautomator.UiObjectNotFoundException: Cannot scroll to UiSelector[CONTAINS_TEXT=complete]
For documentation on this error, please visit: https://www.selenium.dev/documentation/webdriver/troubleshooting/errors#no-such-element-exception
Build info: version: '4.20.0', revision: '866c76ca80'
System info: os.name: 'Mac OS X', os.arch: 'x86_64', os.version: '10.16', java.version: '12.0.1'
Driver info: io.appium.java_client.android.AndroidDriver
Command: [178c61c6-0d89-4b73-a8a3-c7859d5fb306, executeScript {args=[{strategy=-android uiautomator, selector=new UiSelector().textContains("complete"), direction=down}], script=mobile: scroll}]
Capabilities {appium:appActivity: com.tns.NativeScriptActivity, appium:appPackage: pocketv.datavtech.application, appium:automationName: UiAutomator2, appium:databaseEnabled: false, appium:desired: {appActivity: com.tns.NativeScriptActivity, appPackage: pocketv.datavtech.application, automationName: UiAutomator2, deviceName: emulator-5554, noReset: true, platformName: ANDROID, platformVersion: 14, udid: emulator-5554}, appium:deviceApiLevel: 34, appium:deviceManufacturer: Google, appium:deviceModel: sdk_gphone64_x86_64, appium:deviceName: emulator-5554, appium:deviceScreenDensity: 440, appium:deviceScreenSize: 1080x2340, appium:deviceUDID: emulator-5554, appium:javascriptEnabled: true, appium:locationContextEnabled: false, appium:networkConnectionEnabled: true, appium:noReset: true, appium:pixelRatio: 2.75, appium:platformVersion: 14, appium:statBarHeight: 145, appium:takesScreenshot: true, appium:udid: emulator-5554, appium:viewportRect: {height: 1993, left: 0, top: 145, width: 1080}, appium:warnings: {}, appium:webStorageEnabled: false, platformName: ANDROID}
Session ID: 178c61c6-0d89-4b73-a8a3-c7859d5fb306
[INFO ] 10-05-2024 10:25:20 [main] Log - End testing TestNGTest-7175879f-6144-4cf2-92fc-02fe3b784d83
[INFO ] 10-05-2024 10:27:12 [main] Log - Start record at: 10-27-12 10-05-2024
[INFO ] 10-05-2024 10:27:12 [main] Log - Running test case TestCase
[ERROR] 10-05-2024 10:27:13 [main] Log - Test case TestCase is failed.
[INFO ] 10-05-2024 10:27:14 [main] Log - Screenshot success: failure at 10-27-14 10-05-2024
[ERROR] 10-05-2024 10:27:14 [main] Log - org.openqa.selenium.InvalidSelectorException: Could not parse selector expression `new UiSelector().AppiumBy.accessibilityId("complete")`: UiSelector has no `AppiumBy.accessibilityId` method
For documentation on this error, please visit: https://www.selenium.dev/documentation/webdriver/troubleshooting/errors#invalid-selector-exception
Build info: version: '4.20.0', revision: '866c76ca80'
System info: os.name: 'Mac OS X', os.arch: 'x86_64', os.version: '10.16', java.version: '12.0.1'
Driver info: io.appium.java_client.android.AndroidDriver
Command: [b112dec2-1f45-4879-abd8-1585a75221a0, executeScript {args=[{strategy=-android uiautomator, selector=AppiumBy.accessibilityId("complete"), direction=down}], script=mobile: scroll}]
Capabilities {appium:appActivity: com.tns.NativeScriptActivity, appium:appPackage: pocketv.datavtech.application, appium:automationName: UiAutomator2, appium:databaseEnabled: false, appium:desired: {appActivity: com.tns.NativeScriptActivity, appPackage: pocketv.datavtech.application, automationName: UiAutomator2, deviceName: emulator-5554, noReset: true, platformName: ANDROID, platformVersion: 14, udid: emulator-5554}, appium:deviceApiLevel: 34, appium:deviceManufacturer: Google, appium:deviceModel: sdk_gphone64_x86_64, appium:deviceName: emulator-5554, appium:deviceScreenDensity: 440, appium:deviceScreenSize: 1080x2340, appium:deviceUDID: emulator-5554, appium:javascriptEnabled: true, appium:locationContextEnabled: false, appium:networkConnectionEnabled: true, appium:noReset: true, appium:pixelRatio: 2.75, appium:platformVersion: 14, appium:statBarHeight: 145, appium:takesScreenshot: true, appium:udid: emulator-5554, appium:viewportRect: {height: 1993, left: 0, top: 145, width: 1080}, appium:warnings: {}, appium:webStorageEnabled: false, platformName: ANDROID}
Session ID: b112dec2-1f45-4879-abd8-1585a75221a0
[INFO ] 10-05-2024 10:27:17 [main] Log - End testing TestNGTest-b1544030-7fec-4da2-8ded-1b8dca053752
[INFO ] 10-05-2024 10:38:03 [main] Log - Start record at: 10-38-03 10-05-2024
[INFO ] 10-05-2024 10:38:03 [main] Log - Running test case TestCase
[ERROR] 10-05-2024 10:38:04 [main] Log - Test case TestCase is failed.
[ERROR] 10-05-2024 10:38:04 [main] Log - Exception while taking screenshot An unknown server-side error occurred while processing the command. Original error: Could not proxy command to the remote server. Original error: socket hang up
Build info: version: '4.20.0', revision: '866c76ca80'
System info: os.name: 'Mac OS X', os.arch: 'x86_64', os.version: '10.16', java.version: '12.0.1'
Driver info: io.appium.java_client.android.AndroidDriver
Command: [42d13875-cda0-4b3f-9351-6b2908a0f085, screenshot {}]
Capabilities {appium:appActivity: com.tns.NativeScriptActivity, appium:appPackage: pocketv.datavtech.application, appium:automationName: UiAutomator2, appium:databaseEnabled: false, appium:desired: {appActivity: com.tns.NativeScriptActivity, appPackage: pocketv.datavtech.application, automationName: UiAutomator2, deviceName: emulator-5554, noReset: true, platformName: ANDROID, platformVersion: 14, udid: emulator-5554}, appium:deviceName: emulator-5554, appium:deviceUDID: emulator-5554, appium:javascriptEnabled: true, appium:locationContextEnabled: false, appium:networkConnectionEnabled: true, appium:noReset: true, appium:platformVersion: 14, appium:takesScreenshot: true, appium:udid: emulator-5554, appium:warnings: {}, appium:webStorageEnabled: false, platformName: ANDROID}
Session ID: 42d13875-cda0-4b3f-9351-6b2908a0f085
[ERROR] 10-05-2024 10:38:04 [main] Log - org.openqa.selenium.WebDriverException: An unknown server-side error occurred while processing the command. Original error: Could not proxy command to the remote server. Original error: socket hang up
Build info: version: '4.20.0', revision: '866c76ca80'
System info: os.name: 'Mac OS X', os.arch: 'x86_64', os.version: '10.16', java.version: '12.0.1'
Driver info: io.appium.java_client.android.AndroidDriver
Command: [42d13875-cda0-4b3f-9351-6b2908a0f085, findElement {value=milestone, using=accessibility id}]
Capabilities {appium:appActivity: com.tns.NativeScriptActivity, appium:appPackage: pocketv.datavtech.application, appium:automationName: UiAutomator2, appium:databaseEnabled: false, appium:desired: {appActivity: com.tns.NativeScriptActivity, appPackage: pocketv.datavtech.application, automationName: UiAutomator2, deviceName: emulator-5554, noReset: true, platformName: ANDROID, platformVersion: 14, udid: emulator-5554}, appium:deviceName: emulator-5554, appium:deviceUDID: emulator-5554, appium:javascriptEnabled: true, appium:locationContextEnabled: false, appium:networkConnectionEnabled: true, appium:noReset: true, appium:platformVersion: 14, appium:takesScreenshot: true, appium:udid: emulator-5554, appium:warnings: {}, appium:webStorageEnabled: false, platformName: ANDROID}
Session ID: 42d13875-cda0-4b3f-9351-6b2908a0f085
[ERROR] 10-05-2024 10:38:04 [main] Log - Test case TestCase is failed.
[ERROR] 10-05-2024 10:38:04 [main] Log - Exception while taking screenshot An unknown server-side error occurred while processing the command. Original error: Could not proxy command to the remote server. Original error: socket hang up
Build info: version: '4.20.0', revision: '866c76ca80'
System info: os.name: 'Mac OS X', os.arch: 'x86_64', os.version: '10.16', java.version: '12.0.1'
Driver info: io.appium.java_client.android.AndroidDriver
Command: [42d13875-cda0-4b3f-9351-6b2908a0f085, screenshot {}]
Capabilities {appium:appActivity: com.tns.NativeScriptActivity, appium:appPackage: pocketv.datavtech.application, appium:automationName: UiAutomator2, appium:databaseEnabled: false, appium:desired: {appActivity: com.tns.NativeScriptActivity, appPackage: pocketv.datavtech.application, automationName: UiAutomator2, deviceName: emulator-5554, noReset: true, platformName: ANDROID, platformVersion: 14, udid: emulator-5554}, appium:deviceName: emulator-5554, appium:deviceUDID: emulator-5554, appium:javascriptEnabled: true, appium:locationContextEnabled: false, appium:networkConnectionEnabled: true, appium:noReset: true, appium:platformVersion: 14, appium:takesScreenshot: true, appium:udid: emulator-5554, appium:warnings: {}, appium:webStorageEnabled: false, platformName: ANDROID}
Session ID: 42d13875-cda0-4b3f-9351-6b2908a0f085
[ERROR] 10-05-2024 10:38:04 [main] Log - org.openqa.selenium.WebDriverException: An unknown server-side error occurred while processing the command. Original error: Could not proxy command to the remote server. Original error: socket hang up
Build info: version: '4.20.0', revision: '866c76ca80'
System info: os.name: 'Mac OS X', os.arch: 'x86_64', os.version: '10.16', java.version: '12.0.1'
Driver info: io.appium.java_client.android.AndroidDriver
Command: [42d13875-cda0-4b3f-9351-6b2908a0f085, screenshot {}]
Capabilities {appium:appActivity: com.tns.NativeScriptActivity, appium:appPackage: pocketv.datavtech.application, appium:automationName: UiAutomator2, appium:databaseEnabled: false, appium:desired: {appActivity: com.tns.NativeScriptActivity, appPackage: pocketv.datavtech.application, automationName: UiAutomator2, deviceName: emulator-5554, noReset: true, platformName: ANDROID, platformVersion: 14, udid: emulator-5554}, appium:deviceName: emulator-5554, appium:deviceUDID: emulator-5554, appium:javascriptEnabled: true, appium:locationContextEnabled: false, appium:networkConnectionEnabled: true, appium:noReset: true, appium:platformVersion: 14, appium:takesScreenshot: true, appium:udid: emulator-5554, appium:warnings: {}, appium:webStorageEnabled: false, platformName: ANDROID}
Session ID: 42d13875-cda0-4b3f-9351-6b2908a0f085
[INFO ] 10-05-2024 10:38:06 [main] Log - End testing TestNGTest-26f681c8-ac9e-4541-a3fb-f123b029170a
[INFO ] 10-05-2024 10:38:08 [main] Log - Running test case TestCase
[ERROR] 10-05-2024 10:38:08 [main] Log - Exception while taking screenshot An unknown server-side error occurred while processing the command. Original error: 'GET /screenshot' cannot be proxied to UiAutomator2 server because the instrumentation process is not running (probably crashed). Check the server log and/or the logcat output for more details
Build info: version: '4.20.0', revision: '866c76ca80'
System info: os.name: 'Mac OS X', os.arch: 'x86_64', os.version: '10.16', java.version: '12.0.1'
Driver info: io.appium.java_client.android.AndroidDriver
Command: [e11e9e25-40c9-4274-8b4c-aa0af7db902f, screenshot {}]
Capabilities {appium:appActivity: com.tns.NativeScriptActivity, appium:appPackage: pocketv.datavtech.application, appium:automationName: UiAutomator2, appium:databaseEnabled: false, appium:desired: {appActivity: com.tns.NativeScriptActivity, appPackage: pocketv.datavtech.application, automationName: UiAutomator2, deviceName: emulator-5554, noReset: true, platformName: ANDROID, platformVersion: 14, udid: emulator-5554}, appium:deviceApiLevel: 34, appium:deviceManufacturer: Google, appium:deviceModel: sdk_gphone64_x86_64, appium:deviceName: emulator-5554, appium:deviceScreenDensity: 440, appium:deviceScreenSize: 1080x2340, appium:deviceUDID: emulator-5554, appium:javascriptEnabled: true, appium:locationContextEnabled: false, appium:networkConnectionEnabled: true, appium:noReset: true, appium:pixelRatio: 2.75, appium:platformVersion: 14, appium:statBarHeight: 145, appium:takesScreenshot: true, appium:udid: emulator-5554, appium:viewportRect: {height: 1993, left: 0, top: 145, width: 1080}, appium:warnings: {}, appium:webStorageEnabled: false, platformName: ANDROID}
Session ID: e11e9e25-40c9-4274-8b4c-aa0af7db902f
[ERROR] 10-05-2024 10:38:08 [main] Log - Test case TestCase is skipped.
[ERROR] 10-05-2024 10:38:08 [main] Log - org.openqa.selenium.WebDriverException: An unknown server-side error occurred while processing the command. Original error: The expected screen record file '/sdcard/f26dc3a8.mp4' does not exist after 5000ms. Is screenrecord utility available and operational on the device under test?
Build info: version: '4.20.0', revision: '866c76ca80'
System info: os.name: 'Mac OS X', os.arch: 'x86_64', os.version: '10.16', java.version: '12.0.1'
Driver info: io.appium.java_client.android.AndroidDriver
Command: [e11e9e25-40c9-4274-8b4c-aa0af7db902f, startRecordingScreen {options={timeLimit=200, videoSize=1280x720}}]
Capabilities {appium:appActivity: com.tns.NativeScriptActivity, appium:appPackage: pocketv.datavtech.application, appium:automationName: UiAutomator2, appium:databaseEnabled: false, appium:desired: {appActivity: com.tns.NativeScriptActivity, appPackage: pocketv.datavtech.application, automationName: UiAutomator2, deviceName: emulator-5554, noReset: true, platformName: ANDROID, platformVersion: 14, udid: emulator-5554}, appium:deviceApiLevel: 34, appium:deviceManufacturer: Google, appium:deviceModel: sdk_gphone64_x86_64, appium:deviceName: emulator-5554, appium:deviceScreenDensity: 440, appium:deviceScreenSize: 1080x2340, appium:deviceUDID: emulator-5554, appium:javascriptEnabled: true, appium:locationContextEnabled: false, appium:networkConnectionEnabled: true, appium:noReset: true, appium:pixelRatio: 2.75, appium:platformVersion: 14, appium:statBarHeight: 145, appium:takesScreenshot: true, appium:udid: emulator-5554, appium:viewportRect: {height: 1993, left: 0, top: 145, width: 1080}, appium:warnings: {}, appium:webStorageEnabled: false, platformName: ANDROID}
Session ID: e11e9e25-40c9-4274-8b4c-aa0af7db902f
[INFO ] 10-05-2024 10:38:08 [main] Log - End testing TestNGTest-39156e5e-dc50-433f-8ea4-93485f1e6ccc
[INFO ] 10-05-2024 10:38:28 [main] Log - Start record at: 10-38-27 10-05-2024
[INFO ] 10-05-2024 10:38:28 [main] Log - Running test case TestCase
[ERROR] 10-05-2024 10:38:28 [main] Log - Test case TestCase is failed.
[ERROR] 10-05-2024 10:38:28 [main] Log - Exception while taking screenshot An unknown server-side error occurred while processing the command. Original error: Could not proxy command to the remote server. Original error: socket hang up
Build info: version: '4.20.0', revision: '866c76ca80'
System info: os.name: 'Mac OS X', os.arch: 'x86_64', os.version: '10.16', java.version: '12.0.1'
Driver info: io.appium.java_client.android.AndroidDriver
Command: [db6c7d71-2507-4bf3-adf7-d514ba494bc9, screenshot {}]
Capabilities {appium:appActivity: com.tns.NativeScriptActivity, appium:appPackage: pocketv.datavtech.application, appium:automationName: UiAutomator2, appium:databaseEnabled: false, appium:desired: {appActivity: com.tns.NativeScriptActivity, appPackage: pocketv.datavtech.application, automationName: UiAutomator2, deviceName: emulator-5554, noReset: true, platformName: ANDROID, platformVersion: 14, udid: emulator-5554}, appium:deviceApiLevel: 34, appium:deviceManufacturer: Google, appium:deviceModel: sdk_gphone64_x86_64, appium:deviceName: emulator-5554, appium:deviceScreenDensity: 440, appium:deviceScreenSize: 1080x2340, appium:deviceUDID: emulator-5554, appium:javascriptEnabled: true, appium:locationContextEnabled: false, appium:networkConnectionEnabled: true, appium:noReset: true, appium:pixelRatio: 2.75, appium:platformVersion: 14, appium:statBarHeight: 145, appium:takesScreenshot: true, appium:udid: emulator-5554, appium:viewportRect: {height: 1993, left: 0, top: 145, width: 1080}, appium:warnings: {}, appium:webStorageEnabled: false, platformName: ANDROID}
Session ID: db6c7d71-2507-4bf3-adf7-d514ba494bc9
[ERROR] 10-05-2024 10:38:28 [main] Log - org.openqa.selenium.WebDriverException: An unknown server-side error occurred while processing the command. Original error: Could not proxy command to the remote server. Original error: socket hang up
Build info: version: '4.20.0', revision: '866c76ca80'
System info: os.name: 'Mac OS X', os.arch: 'x86_64', os.version: '10.16', java.version: '12.0.1'
Driver info: io.appium.java_client.android.AndroidDriver
Command: [db6c7d71-2507-4bf3-adf7-d514ba494bc9, findElement {using=accessibility id, value=milestone}]
Capabilities {appium:appActivity: com.tns.NativeScriptActivity, appium:appPackage: pocketv.datavtech.application, appium:automationName: UiAutomator2, appium:databaseEnabled: false, appium:desired: {appActivity: com.tns.NativeScriptActivity, appPackage: pocketv.datavtech.application, automationName: UiAutomator2, deviceName: emulator-5554, noReset: true, platformName: ANDROID, platformVersion: 14, udid: emulator-5554}, appium:deviceApiLevel: 34, appium:deviceManufacturer: Google, appium:deviceModel: sdk_gphone64_x86_64, appium:deviceName: emulator-5554, appium:deviceScreenDensity: 440, appium:deviceScreenSize: 1080x2340, appium:deviceUDID: emulator-5554, appium:javascriptEnabled: true, appium:locationContextEnabled: false, appium:networkConnectionEnabled: true, appium:noReset: true, appium:pixelRatio: 2.75, appium:platformVersion: 14, appium:statBarHeight: 145, appium:takesScreenshot: true, appium:udid: emulator-5554, appium:viewportRect: {height: 1993, left: 0, top: 145, width: 1080}, appium:warnings: {}, appium:webStorageEnabled: false, platformName: ANDROID}
Session ID: db6c7d71-2507-4bf3-adf7-d514ba494bc9
[ERROR] 10-05-2024 10:38:28 [main] Log - Test case TestCase is failed.
[ERROR] 10-05-2024 10:38:28 [main] Log - Exception while taking screenshot An unknown server-side error occurred while processing the command. Original error: Could not proxy command to the remote server. Original error: socket hang up
Build info: version: '4.20.0', revision: '866c76ca80'
System info: os.name: 'Mac OS X', os.arch: 'x86_64', os.version: '10.16', java.version: '12.0.1'
Driver info: io.appium.java_client.android.AndroidDriver
Command: [db6c7d71-2507-4bf3-adf7-d514ba494bc9, screenshot {}]
Capabilities {appium:appActivity: com.tns.NativeScriptActivity, appium:appPackage: pocketv.datavtech.application, appium:automationName: UiAutomator2, appium:databaseEnabled: false, appium:desired: {appActivity: com.tns.NativeScriptActivity, appPackage: pocketv.datavtech.application, automationName: UiAutomator2, deviceName: emulator-5554, noReset: true, platformName: ANDROID, platformVersion: 14, udid: emulator-5554}, appium:deviceApiLevel: 34, appium:deviceManufacturer: Google, appium:deviceModel: sdk_gphone64_x86_64, appium:deviceName: emulator-5554, appium:deviceScreenDensity: 440, appium:deviceScreenSize: 1080x2340, appium:deviceUDID: emulator-5554, appium:javascriptEnabled: true, appium:locationContextEnabled: false, appium:networkConnectionEnabled: true, appium:noReset: true, appium:pixelRatio: 2.75, appium:platformVersion: 14, appium:statBarHeight: 145, appium:takesScreenshot: true, appium:udid: emulator-5554, appium:viewportRect: {height: 1993, left: 0, top: 145, width: 1080}, appium:warnings: {}, appium:webStorageEnabled: false, platformName: ANDROID}
Session ID: db6c7d71-2507-4bf3-adf7-d514ba494bc9
[ERROR] 10-05-2024 10:38:28 [main] Log - org.openqa.selenium.WebDriverException: An unknown server-side error occurred while processing the command. Original error: Could not proxy command to the remote server. Original error: socket hang up
Build info: version: '4.20.0', revision: '866c76ca80'
System info: os.name: 'Mac OS X', os.arch: 'x86_64', os.version: '10.16', java.version: '12.0.1'
Driver info: io.appium.java_client.android.AndroidDriver
Command: [db6c7d71-2507-4bf3-adf7-d514ba494bc9, screenshot {}]
Capabilities {appium:appActivity: com.tns.NativeScriptActivity, appium:appPackage: pocketv.datavtech.application, appium:automationName: UiAutomator2, appium:databaseEnabled: false, appium:desired: {appActivity: com.tns.NativeScriptActivity, appPackage: pocketv.datavtech.application, automationName: UiAutomator2, deviceName: emulator-5554, noReset: true, platformName: ANDROID, platformVersion: 14, udid: emulator-5554}, appium:deviceApiLevel: 34, appium:deviceManufacturer: Google, appium:deviceModel: sdk_gphone64_x86_64, appium:deviceName: emulator-5554, appium:deviceScreenDensity: 440, appium:deviceScreenSize: 1080x2340, appium:deviceUDID: emulator-5554, appium:javascriptEnabled: true, appium:locationContextEnabled: false, appium:networkConnectionEnabled: true, appium:noReset: true, appium:pixelRatio: 2.75, appium:platformVersion: 14, appium:statBarHeight: 145, appium:takesScreenshot: true, appium:udid: emulator-5554, appium:viewportRect: {height: 1993, left: 0, top: 145, width: 1080}, appium:warnings: {}, appium:webStorageEnabled: false, platformName: ANDROID}
Session ID: db6c7d71-2507-4bf3-adf7-d514ba494bc9
[INFO ] 10-05-2024 10:38:30 [main] Log - End testing TestNGTest-432ae170-ad87-4e7e-9b8a-b8f0dbb7cf09
[INFO ] 10-05-2024 10:39:10 [main] Log - Start record at: 10-39-10 10-05-2024
[INFO ] 10-05-2024 10:39:10 [main] Log - Running test case TestCase
[INFO ] 10-05-2024 10:39:13 [main] Log - Method TestCase success
[INFO ] 10-05-2024 10:39:15 [main] Log - Screenshot success: success at 10-39-15 10-05-2024
[INFO ] 10-05-2024 10:39:16 [main] Log - End testing TestNGTest-b6e43b86-d59f-497c-a148-ced99fd62f71
[INFO ] 10-05-2024 10:43:09 [main] Log - Start record at: 10-43-09 10-05-2024
[INFO ] 10-05-2024 10:43:09 [main] Log - Running test case TestCase
[INFO ] 10-05-2024 10:43:12 [main] Log - Method TestCase success
[INFO ] 10-05-2024 10:43:13 [main] Log - Screenshot success: success at 10-43-13 10-05-2024
[INFO ] 10-05-2024 10:43:14 [main] Log - End testing TestNGTest-08203e93-0d29-4f66-b5d2-362dca445c7d
